<?xml version="1.0" encoding="UTF-8"?>
<!-- Generated by org.testng.reporters.JUnitReportReporter -->
<testsuite hostname="LIN-5CG1349N0Z" failures="0" tests="1" name="Parameters.HardAssertdemo" time="0.017" errors="0" timestamp="2024-03-13T12:45:08 IST" skipped="0">
  <testcase classname="Parameters.HardAssertdemo" name="data" time="0.017"/>
</testsuite> <!-- Parameters.HardAssertdemo -->
