<?xml version="1.0" encoding="UTF-8"?>
<!-- Generated by org.testng.reporters.JUnitReportReporter -->
<testsuite hostname="LIN-5CG1349N0Z" failures="0" tests="1" name="Parameters.SuiteDemo" time="8.648" errors="0" timestamp="2024-03-13T15:41:40 IST" skipped="0">
  <testcase classname="Parameters.SuiteDemo" name="verifyurl" time="8.648"/>
</testsuite> <!-- Parameters.SuiteDemo -->
