<?xml version="1.0" encoding="UTF-8"?>
<!-- Generated by org.testng.reporters.JUnitReportReporter -->
<testsuite hostname="LIN-5CG1349N0Z" failures="0" tests="1" name="Parameters.Parameterization_With_Xml" time="11.250" errors="0" timestamp="2024-03-12T10:17:58 IST" skipped="0">
  <testcase classname="Parameters.Parameterization_With_Xml" name="test" time="11.250"/>
</testsuite> <!-- Parameters.Parameterization_With_Xml -->
