<?xml version="1.0" encoding="UTF-8"?>
<!-- Generated by org.testng.reporters.JUnitReportReporter -->
<testsuite hostname="LIN-5CG1349N0Z" failures="0" tests="5" name="Parameters.HotelAppLogin" time="34.880" errors="0" timestamp="2024-03-13T09:53:49 IST" skipped="0">
  <testcase classname="Parameters.HotelAppLogin" name="test1" time="4.863"/>
  <testcase classname="Parameters.HotelAppLogin" name="test1" time="5.265"/>
  <testcase classname="Parameters.HotelAppLogin" name="test1" time="6.383"/>
  <testcase classname="Parameters.HotelAppLogin" name="test1" time="5.272"/>
  <testcase classname="Parameters.HotelAppLogin" name="test1" time="13.097"/>
</testsuite> <!-- Parameters.HotelAppLogin -->
