<?xml version="1.0" encoding="UTF-8"?>
<!-- Generated by org.testng.reporters.JUnitReportReporter -->
<testsuite hostname="LIN-5CG1349N0Z" failures="0" tests="3" name="Parameters.priorities" time="0.630" errors="0" timestamp="2024-03-13T11:03:16 IST" skipped="0">
  <testcase classname="Parameters.priorities" name="data" time="0.627"/>
  <testcase classname="Parameters.priorities" name="adata" time="0.002"/>
  <testcase classname="Parameters.priorities" name="bdata" time="0.001"/>
</testsuite> <!-- Parameters.priorities -->
