<?xml version="1.0" encoding="UTF-8"?>
<!-- Generated by org.testng.reporters.JUnitReportReporter -->
<testsuite hostname="LIN-5CG1349N0Z" failures="0" tests="5" name="Parameters.DataproviderDemo" time="28.126" errors="0" timestamp="2024-03-12T14:39:04 IST" skipped="0">
  <testcase classname="Parameters.DataproviderDemo" name="test" time="4.703"/>
  <testcase classname="Parameters.DataproviderDemo" name="test" time="4.473"/>
  <testcase classname="Parameters.DataproviderDemo" name="test" time="7.282"/>
  <testcase classname="Parameters.DataproviderDemo" name="test" time="6.551"/>
  <testcase classname="Parameters.DataproviderDemo" name="test" time="5.117"/>
</testsuite> <!-- Parameters.DataproviderDemo -->
